<?xml version="1.0" encoding="UTF-8"?>
<!-- Generated by org.testng.reporters.JUnitReportReporter -->
<testsuite hostname="nitunp-L" name="com.vaticahealth.vatica.testsuits.LoginSuite" tests="5" failures="0" timestamp="21 Apr 2017 10:48:18 GMT" time="118.832" errors="0">
  <testcase name="tc_Login_3" time="10.349" classname="com.vaticahealth.vatica.testsuits.LoginSuite"/>
  <testcase name="tc_Login_5" time="26.712" classname="com.vaticahealth.vatica.testsuits.LoginSuite"/>
  <testcase name="tc_Login_4" time="29.537" classname="com.vaticahealth.vatica.testsuits.LoginSuite"/>
  <testcase name="tc_Login_1" time="47.957" classname="com.vaticahealth.vatica.testsuits.LoginSuite"/>
  <testcase name="tc_Login_2" time="4.277" classname="com.vaticahealth.vatica.testsuits.LoginSuite"/>
</testsuite> <!-- com.vaticahealth.vatica.testsuits.LoginSuite -->
