<?xml version="1.0" encoding="UTF-8"?>
<!-- Generated by org.testng.reporters.JUnitReportReporter -->
<testsuite hostname="nitunp-L" name="com.vaticahealth.vatica.testsuits.CreateHraTestSuite" tests="12" failures="0" timestamp="21 Apr 2017 10:44:33 GMT" time="730.645" errors="0">
  <testcase name="tc_CreateHra_7" time="48.026" classname="com.vaticahealth.vatica.testsuits.CreateHraTestSuite"/>
  <testcase name="tc_CreateHra_6" time="75.879" classname="com.vaticahealth.vatica.testsuits.CreateHraTestSuite"/>
  <testcase name="tc_CreateHra_9" time="82.128" classname="com.vaticahealth.vatica.testsuits.CreateHraTestSuite"/>
  <testcase name="tc_CreateHra_12" time="38.820" classname="com.vaticahealth.vatica.testsuits.CreateHraTestSuite"/>
  <testcase name="tc_CreateHra_4" time="47.867" classname="com.vaticahealth.vatica.testsuits.CreateHraTestSuite"/>
  <testcase name="tc_CreateHra_2" time="57.902" classname="com.vaticahealth.vatica.testsuits.CreateHraTestSuite"/>
  <testcase name="tc_CreateHra_8" time="69.013" classname="com.vaticahealth.vatica.testsuits.CreateHraTestSuite"/>
  <testcase name="tc_CreateHra_5" time="60.044" classname="com.vaticahealth.vatica.testsuits.CreateHraTestSuite"/>
  <testcase name="tc_CreateHra_11" time="43.909" classname="com.vaticahealth.vatica.testsuits.CreateHraTestSuite"/>
  <testcase name="tc_CreateHra_3" time="45.400" classname="com.vaticahealth.vatica.testsuits.CreateHraTestSuite"/>
  <testcase name="tc_CreateHra_1" time="76.918" classname="com.vaticahealth.vatica.testsuits.CreateHraTestSuite"/>
  <testcase name="tc_CreateHra_10" time="84.739" classname="com.vaticahealth.vatica.testsuits.CreateHraTestSuite"/>
</testsuite> <!-- com.vaticahealth.vatica.testsuits.CreateHraTestSuite -->
